[01m[K/home/giszterlab/USING/Framework/go1_ws/src/impedance_controller_framework/test/test_dummy.cpp:2:10:[m[K [01;31m[Kfatal error: [m[Kdummy_impedance_controller.hpp: No such file or directory
    2 | #include [01;31m[K"dummy_impedance_controller.hpp"[m[K
      |          [01;31m[K^~~~~~~~~~~~~~~~~~~~~~~~~~~~~~~~[m[K
compilation terminated.
gmake[2]: *** [CMakeFiles/test_dummy.dir/build.make:76: CMakeFiles/test_dummy.dir/test/test_dummy.cpp.o] Error 1
gmake[1]: *** [CMakeFiles/Makefile2:137: CMakeFiles/test_dummy.dir/all] Error 2
gmake: *** [Makefile:146: all] Error 2
