[0.011s] Invoking command in '/home/giszterlab/USING/Framework/go1_ws/build/impedance_controller_framework': CMAKE_PREFIX_PATH=${CMAKE_PREFIX_PATH}:/opt/ros/humble /usr/bin/cmake --build /home/giszterlab/USING/Framework/go1_ws/build/impedance_controller_framework -- -j8 -l8
[0.062s] [35m[1mConsolidate compiler generated dependencies of target test_dummy[0m
[0.081s] [ 50%] [32mBuilding CXX object CMakeFiles/test_dummy.dir/test/test_dummy.cpp.o[0m
[0.157s] In file included from [01m[K/home/giszterlab/USING/Framework/go1_ws/src/impedance_controller_framework/test/test_dummy.cpp:2[m[K:
[0.158s] [01m[K/home/giszterlab/USING/Framework/go1_ws/src/impedance_controller_framework/include/dummy_impedance_controller.hpp:2:9:[m[K [01;31m[Kerror: [m[Kmacro names must be identifiers
[0.158s]     2 | #define [01;31m[K#[m[KDUMMY_IMPEDANCE_CONTROLLER
[0.158s]       |         [01;31m[K^[m[K
[1.098s] In file included from [01m[K/home/giszterlab/USING/Framework/go1_ws/src/impedance_controller_framework/include/dummy_impedance_controller.hpp:4[m[K,
[1.098s]                  from [01m[K/home/giszterlab/USING/Framework/go1_ws/src/impedance_controller_framework/test/test_dummy.cpp:2[m[K:
[1.098s] [01m[K/home/giszterlab/USING/Framework/go1_ws/src/impedance_controller_framework/include/impedance_controller.hpp:27:2:[m[K [01;31m[Kerror: [m[Kexpected â€˜[01m[K;[m[Kâ€™ after struct definition
[1.098s]    27 | }
[1.099s]       |  [01;31m[K^[m[K
[1.099s]       |  [32m[K;[m[K
[1.108s] [01m[K/home/giszterlab/USING/Framework/go1_ws/src/impedance_controller_framework/include/impedance_controller.hpp:35:2:[m[K [01;31m[Kerror: [m[Kexpected â€˜[01m[K;[m[Kâ€™ after struct definition
[1.108s]    35 | }
[1.109s]       |  [01;31m[K^[m[K
[1.109s]       |  [32m[K;[m[K
[1.116s] [01m[K/home/giszterlab/USING/Framework/go1_ws/src/impedance_controller_framework/include/impedance_controller.hpp:41:2:[m[K [01;31m[Kerror: [m[Kexpected â€˜[01m[K;[m[Kâ€™ after struct definition
[1.117s]    41 | }
[1.117s]       |  [01;31m[K^[m[K
[1.117s]       |  [32m[K;[m[K
[1.117s] [01m[K/home/giszterlab/USING/Framework/go1_ws/src/impedance_controller_framework/include/impedance_controller.hpp:52:2:[m[K [01;31m[Kerror: [m[Kexpected â€˜[01m[K;[m[Kâ€™ after class definition
[1.117s]    52 | }
[1.118s]       |  [01;31m[K^[m[K
[1.118s]       |  [32m[K;[m[K
[1.207s] gmake[2]: *** [CMakeFiles/test_dummy.dir/build.make:76: CMakeFiles/test_dummy.dir/test/test_dummy.cpp.o] Error 1
[1.208s] gmake[1]: *** [CMakeFiles/Makefile2:137: CMakeFiles/test_dummy.dir/all] Error 2
[1.208s] gmake: *** [Makefile:146: all] Error 2
[1.211s] Invoked command in '/home/giszterlab/USING/Framework/go1_ws/build/impedance_controller_framework' returned '2': CMAKE_PREFIX_PATH=${CMAKE_PREFIX_PATH}:/opt/ros/humble /usr/bin/cmake --build /home/giszterlab/USING/Framework/go1_ws/build/impedance_controller_framework -- -j8 -l8
