[33mCMake Warning:
  Manually-specified variables were not used by the project:

    CATKIN_INSTALL_INTO_PREFIX_ROOT

[0m
[01m[K/home/giszterlab/USING/Framework/go1_ws/src/torque_interface/src/ros2_command_node.cpp:7:10:[m[K [01;31m[Kfatal error: [m[Kcommon/joint_state_buffer.h: No such file or directory
    7 | #include [01;31m[K"common/joint_state_buffer.h"[m[K
      |          [01;31m[K^~~~~~~~~~~~~~~~~~~~~~~~~~~~~[m[K
compilation terminated.
[01m[K/home/giszterlab/USING/Framework/go1_ws/src/torque_interface/src/ros2_buffer_node.cpp:8:10:[m[K [01;31m[Kfatal error: [m[Kcommon/joint_state_buffer.h: No such file or directory
    8 | #include [01;31m[K"common/joint_state_buffer.h"[m[K
      |          [01;31m[K^~~~~~~~~~~~~~~~~~~~~~~~~~~~~[m[K
compilation terminated.
gmake[2]: *** [CMakeFiles/torque_command_node.dir/build.make:76: CMakeFiles/torque_command_node.dir/src/ros2_command_node.cpp.o] Error 1
gmake[2]: *** [CMakeFiles/joint_state_buffer_node.dir/build.make:76: CMakeFiles/joint_state_buffer_node.dir/src/ros2_buffer_node.cpp.o] Error 1
gmake[1]: *** [CMakeFiles/Makefile2:139: CMakeFiles/joint_state_buffer_node.dir/all] Error 2
gmake[1]: *** Waiting for unfinished jobs....
gmake[1]: *** [CMakeFiles/Makefile2:165: CMakeFiles/torque_command_node.dir/all] Error 2
gmake: *** [Makefile:146: all] Error 2
