-- The C compiler identification is GNU 11.4.0
-- The CXX compiler identification is GNU 11.4.0
-- Detecting C compiler ABI info
-- Detecting C compiler ABI info - done
-- Check for working C compiler: /usr/bin/cc - skipped
-- Detecting C compile features
-- Detecting C compile features - done
-- Detecting CXX compiler ABI info
-- Detecting CXX compiler ABI info - done
-- Check for working CXX compiler: /usr/bin/c++ - skipped
-- Detecting CXX compile features
-- Detecting CXX compile features - done
-- Found ament_cmake: 1.3.11 (/opt/ros/humble/share/ament_cmake/cmake)
-- Found Python3: /usr/bin/python3 (found version "3.10.12") found components: Interpreter 
-- Found rclcpp: 16.0.12 (/opt/ros/humble/share/rclcpp/cmake)
-- Found rosidl_generator_c: 3.1.6 (/opt/ros/humble/share/rosidl_generator_c/cmake)
-- Found rosidl_adapter: 3.1.6 (/opt/ros/humble/share/rosidl_adapter/cmake)
-- Found rosidl_generator_cpp: 3.1.6 (/opt/ros/humble/share/rosidl_generator_cpp/cmake)
-- Using all available rosidl_typesupport_c: rosidl_typesupport_fastrtps_c;rosidl_typesupport_introspection_c
-- Using all available rosidl_typesupport_cpp: rosidl_typesupport_fastrtps_cpp;rosidl_typesupport_introspection_cpp
-- Found rmw_implementation_cmake: 6.1.2 (/opt/ros/humble/share/rmw_implementation_cmake/cmake)
-- Found rmw_fastrtps_cpp: 6.2.7 (/opt/ros/humble/share/rmw_fastrtps_cpp/cmake)
-- Found OpenSSL: /usr/lib/x86_64-linux-gnu/libcrypto.so (found version "3.0.2")  
-- Found FastRTPS: /opt/ros/humble/include  
-- Using RMW implementation 'rmw_fastrtps_cpp' as default
-- Looking for pthread.h
-- Looking for pthread.h - found
-- Performing Test CMAKE_HAVE_LIBC_PTHREAD
-- Performing Test CMAKE_HAVE_LIBC_PTHREAD - Success
-- Found Threads: TRUE  
-- Found sensor_msgs: 4.8.0 (/opt/ros/humble/share/sensor_msgs/cmake)
-- Configuring done
-- Generating done
[33mCMake Warning:
  Manually-specified variables were not used by the project:

    CATKIN_INSTALL_INTO_PREFIX_ROOT

[0m
-- Build files have been written to: /home/giszterlab/USING/Framework/go1_ws/src/torque_interface/build/joint_state_buffer_node
[ 50%] [32mBuilding CXX object CMakeFiles/joint_state_buffer_node.dir/src/ros2_buffer_node.cpp.o[0m
[ 50%] [32mBuilding CXX object CMakeFiles/torque_command_node.dir/src/ros2_command_node.cpp.o[0m
[01m[K/home/giszterlab/USING/Framework/go1_ws/src/torque_interface/src/ros2_command_node.cpp:7:10:[m[K [01;31m[Kfatal error: [m[Kcommon/joint_state_buffer.h: No such file or directory
    7 | #include [01;31m[K"common/joint_state_buffer.h"[m[K
      |          [01;31m[K^~~~~~~~~~~~~~~~~~~~~~~~~~~~~[m[K
compilation terminated.
[01m[K/home/giszterlab/USING/Framework/go1_ws/src/torque_interface/src/ros2_buffer_node.cpp:8:10:[m[K [01;31m[Kfatal error: [m[Kcommon/joint_state_buffer.h: No such file or directory
    8 | #include [01;31m[K"common/joint_state_buffer.h"[m[K
      |          [01;31m[K^~~~~~~~~~~~~~~~~~~~~~~~~~~~~[m[K
compilation terminated.
gmake[2]: *** [CMakeFiles/torque_command_node.dir/build.make:76: CMakeFiles/torque_command_node.dir/src/ros2_command_node.cpp.o] Error 1
gmake[2]: *** [CMakeFiles/joint_state_buffer_node.dir/build.make:76: CMakeFiles/joint_state_buffer_node.dir/src/ros2_buffer_node.cpp.o] Error 1
gmake[1]: *** [CMakeFiles/Makefile2:139: CMakeFiles/joint_state_buffer_node.dir/all] Error 2
gmake[1]: *** Waiting for unfinished jobs....
gmake[1]: *** [CMakeFiles/Makefile2:165: CMakeFiles/torque_command_node.dir/all] Error 2
gmake: *** [Makefile:146: all] Error 2
