[0.012s] Invoking command in '/home/giszterlab/USING/Framework/go1_ws/src/torque_interface/build/joint_state_buffer_node': /usr/bin/cmake /home/giszterlab/USING/Framework/go1_ws/src/torque_interface -DCATKIN_INSTALL_INTO_PREFIX_ROOT=0 -DCMAKE_INSTALL_PREFIX=/home/giszterlab/USING/Framework/go1_ws/src/torque_interface/install/joint_state_buffer_node
[0.150s] -- The C compiler identification is GNU 11.4.0
[0.259s] -- The CXX compiler identification is GNU 11.4.0
[0.273s] -- Detecting C compiler ABI info
[0.358s] -- Detecting C compiler ABI info - done
[0.366s] -- Check for working C compiler: /usr/bin/cc - skipped
[0.367s] -- Detecting C compile features
[0.367s] -- Detecting C compile features - done
[0.371s] -- Detecting CXX compiler ABI info
[0.465s] -- Detecting CXX compiler ABI info - done
[0.481s] -- Check for working CXX compiler: /usr/bin/c++ - skipped
[0.481s] -- Detecting CXX compile features
[0.482s] -- Detecting CXX compile features - done
[0.489s] -- Found ament_cmake: 1.3.11 (/opt/ros/humble/share/ament_cmake/cmake)
[0.690s] -- Found Python3: /usr/bin/python3 (found version "3.10.12") found components: Interpreter 
[0.825s] -- Found rclcpp: 16.0.12 (/opt/ros/humble/share/rclcpp/cmake)
[0.898s] -- Found rosidl_generator_c: 3.1.6 (/opt/ros/humble/share/rosidl_generator_c/cmake)
[0.905s] -- Found rosidl_adapter: 3.1.6 (/opt/ros/humble/share/rosidl_adapter/cmake)
[0.920s] -- Found rosidl_generator_cpp: 3.1.6 (/opt/ros/humble/share/rosidl_generator_cpp/cmake)
[0.943s] -- Using all available rosidl_typesupport_c: rosidl_typesupport_fastrtps_c;rosidl_typesupport_introspection_c
[0.970s] -- Using all available rosidl_typesupport_cpp: rosidl_typesupport_fastrtps_cpp;rosidl_typesupport_introspection_cpp
[1.039s] -- Found rmw_implementation_cmake: 6.1.2 (/opt/ros/humble/share/rmw_implementation_cmake/cmake)
[1.043s] -- Found rmw_fastrtps_cpp: 6.2.7 (/opt/ros/humble/share/rmw_fastrtps_cpp/cmake)
[1.149s] -- Found OpenSSL: /usr/lib/x86_64-linux-gnu/libcrypto.so (found version "3.0.2")  
[1.178s] -- Found FastRTPS: /opt/ros/humble/include  
[1.220s] -- Using RMW implementation 'rmw_fastrtps_cpp' as default
[1.232s] -- Looking for pthread.h
[1.320s] -- Looking for pthread.h - found
[1.320s] -- Performing Test CMAKE_HAVE_LIBC_PTHREAD
[1.407s] -- Performing Test CMAKE_HAVE_LIBC_PTHREAD - Success
[1.408s] -- Found Threads: TRUE  
[1.501s] -- Found sensor_msgs: 4.8.0 (/opt/ros/humble/share/sensor_msgs/cmake)
[1.636s] -- Configuring done
[1.650s] -- Generating done
[1.651s] [33mCMake Warning:
[1.652s]   Manually-specified variables were not used by the project:
[1.652s] 
[1.652s]     CATKIN_INSTALL_INTO_PREFIX_ROOT
[1.652s] 
[1.652s] [0m
[1.655s] -- Build files have been written to: /home/giszterlab/USING/Framework/go1_ws/src/torque_interface/build/joint_state_buffer_node
[1.665s] Invoked command in '/home/giszterlab/USING/Framework/go1_ws/src/torque_interface/build/joint_state_buffer_node' returned '0': /usr/bin/cmake /home/giszterlab/USING/Framework/go1_ws/src/torque_interface -DCATKIN_INSTALL_INTO_PREFIX_ROOT=0 -DCMAKE_INSTALL_PREFIX=/home/giszterlab/USING/Framework/go1_ws/src/torque_interface/install/joint_state_buffer_node
[1.669s] Invoking command in '/home/giszterlab/USING/Framework/go1_ws/src/torque_interface/build/joint_state_buffer_node': /usr/bin/cmake --build /home/giszterlab/USING/Framework/go1_ws/src/torque_interface/build/joint_state_buffer_node -- -j8 -l8
[1.728s] [ 50%] [32mBuilding CXX object CMakeFiles/joint_state_buffer_node.dir/src/ros2_buffer_node.cpp.o[0m
[1.728s] [ 50%] [32mBuilding CXX object CMakeFiles/torque_command_node.dir/src/ros2_command_node.cpp.o[0m
[2.085s] [01m[K/home/giszterlab/USING/Framework/go1_ws/src/torque_interface/src/ros2_command_node.cpp:7:10:[m[K [01;31m[Kfatal error: [m[Kcommon/joint_state_buffer.h: No such file or directory
[2.085s]     7 | #include [01;31m[K"common/joint_state_buffer.h"[m[K
[2.085s]       |          [01;31m[K^~~~~~~~~~~~~~~~~~~~~~~~~~~~~[m[K
[2.085s] compilation terminated.
[2.085s] [01m[K/home/giszterlab/USING/Framework/go1_ws/src/torque_interface/src/ros2_buffer_node.cpp:8:10:[m[K [01;31m[Kfatal error: [m[Kcommon/joint_state_buffer.h: No such file or directory
[2.085s]     8 | #include [01;31m[K"common/joint_state_buffer.h"[m[K
[2.085s]       |          [01;31m[K^~~~~~~~~~~~~~~~~~~~~~~~~~~~~[m[K
[2.085s] compilation terminated.
[2.088s] gmake[2]: *** [CMakeFiles/torque_command_node.dir/build.make:76: CMakeFiles/torque_command_node.dir/src/ros2_command_node.cpp.o] Error 1
[2.088s] gmake[2]: *** [CMakeFiles/joint_state_buffer_node.dir/build.make:76: CMakeFiles/joint_state_buffer_node.dir/src/ros2_buffer_node.cpp.o] Error 1
[2.088s] gmake[1]: *** [CMakeFiles/Makefile2:139: CMakeFiles/joint_state_buffer_node.dir/all] Error 2
[2.088s] gmake[1]: *** Waiting for unfinished jobs....
[2.088s] gmake[1]: *** [CMakeFiles/Makefile2:165: CMakeFiles/torque_command_node.dir/all] Error 2
[2.088s] gmake: *** [Makefile:146: all] Error 2
[2.091s] Invoked command in '/home/giszterlab/USING/Framework/go1_ws/src/torque_interface/build/joint_state_buffer_node' returned '2': /usr/bin/cmake --build /home/giszterlab/USING/Framework/go1_ws/src/torque_interface/build/joint_state_buffer_node -- -j8 -l8
