-- Found ament_cmake: 1.3.11 (/opt/ros/humble/share/ament_cmake/cmake)
-- Found rclcpp: 16.0.12 (/opt/ros/humble/share/rclcpp/cmake)
-- Found rosidl_generator_c: 3.1.6 (/opt/ros/humble/share/rosidl_generator_c/cmake)
-- Found rosidl_adapter: 3.1.6 (/opt/ros/humble/share/rosidl_adapter/cmake)
-- Found rosidl_generator_cpp: 3.1.6 (/opt/ros/humble/share/rosidl_generator_cpp/cmake)
-- Using all available rosidl_typesupport_c: rosidl_typesupport_fastrtps_c;rosidl_typesupport_introspection_c
-- Using all available rosidl_typesupport_cpp: rosidl_typesupport_fastrtps_cpp;rosidl_typesupport_introspection_cpp
-- Found rmw_implementation_cmake: 6.1.2 (/opt/ros/humble/share/rmw_implementation_cmake/cmake)
-- Found rmw_fastrtps_cpp: 6.2.7 (/opt/ros/humble/share/rmw_fastrtps_cpp/cmake)
-- Using RMW implementation 'rmw_fastrtps_cpp' as default
-- Found ament_cmake_gtest: 1.3.11 (/opt/ros/humble/share/ament_cmake_gtest/cmake)
-- Found gtest sources under '/opt/ros/humble/src/gtest_vendor': C++ tests using 'Google Test' will be built
-- Configuring done
-- Generating done
-- Build files have been written to: /home/giszterlab/USING/Framework/go1_ws/build/impedance_controller_framework
[35m[1mConsolidate compiler generated dependencies of target gtest_main[0m
[35m[1mConsolidate compiler generated dependencies of target gtest[0m
[ 16%] [32mBuilding CXX object CMakeFiles/impedance_controller_lib.dir/test/test_dummy.cpp.o[0m
[ 16%] [32mBuilding CXX object CMakeFiles/impedance_controller_lib.dir/src/impedance_controller_manager.cpp.o[0m
[ 25%] [32mBuilding CXX object CMakeFiles/impedance_controller_lib.dir/src/impedance_controller_factory.cpp.o[0m
[ 41%] Built target gtest
[ 58%] Built target gtest_main
[01m[K/home/giszterlab/USING/Framework/go1_ws/src/impedance_controller_framework/src/impedance_controller_manager.cpp:28:52:[m[K [01;31m[Kerror: [m[Kno declaration matches â€˜[01m[Kstd::array<float, 12> ImpedanceControllerManager::computeTorque(const ImpedanceControllerInput*)[m[Kâ€™
   28 | std::array<float, ImpedanceController::kNumJoints> [01;31m[KImpedanceControllerManager[m[K::computeTorque(const ImpedanceControllerInput* input)
      |                                                    [01;31m[K^~~~~~~~~~~~~~~~~~~~~~~~~~[m[K
In file included from [01m[K/home/giszterlab/USING/Framework/go1_ws/src/impedance_controller_framework/src/impedance_controller_manager.cpp:1[m[K:
[01m[K/home/giszterlab/USING/Framework/go1_ws/src/impedance_controller_framework/include/impedance_controller_manager.hpp:25:56:[m[K [01;36m[Knote: [m[Kcandidate is: â€˜[01m[Kstd::array<float, 12> ImpedanceControllerManager::computeTorque(const ImpedanceControllerInput&)[m[Kâ€™
   25 |     std::array<float, ImpedanceController::kNumJoints> [01;36m[KcomputeTorque[m[K(const ImpedanceControllerInput& input);
      |                                                        [01;36m[K^~~~~~~~~~~~~[m[K
[01m[K/home/giszterlab/USING/Framework/go1_ws/src/impedance_controller_framework/include/impedance_controller_manager.hpp:16:7:[m[K [01;36m[Knote: [m[Kâ€˜[01m[Kclass ImpedanceControllerManager[m[Kâ€™ defined here
   16 | class [01;36m[KImpedanceControllerManager[m[K
      |       [01;36m[K^~~~~~~~~~~~~~~~~~~~~~~~~~[m[K
gmake[2]: *** [CMakeFiles/impedance_controller_lib.dir/build.make:90: CMakeFiles/impedance_controller_lib.dir/src/impedance_controller_manager.cpp.o] Error 1
gmake[2]: *** Waiting for unfinished jobs....
gmake[1]: *** [CMakeFiles/Makefile2:159: CMakeFiles/impedance_controller_lib.dir/all] Error 2
gmake: *** [Makefile:146: all] Error 2
