[0.011s] Invoking command in '/home/giszterlab/USING/Framework/go1_ws/build/impedance_controller_framework': CMAKE_PREFIX_PATH=${CMAKE_PREFIX_PATH}:/opt/ros/humble /usr/bin/cmake --build /home/giszterlab/USING/Framework/go1_ws/build/impedance_controller_framework -- -j8 -l8
[0.042s] -- Found ament_cmake: 1.3.11 (/opt/ros/humble/share/ament_cmake/cmake)
[0.181s] -- Found rclcpp: 16.0.12 (/opt/ros/humble/share/rclcpp/cmake)
[0.235s] -- Found rosidl_generator_c: 3.1.6 (/opt/ros/humble/share/rosidl_generator_c/cmake)
[0.238s] -- Found rosidl_adapter: 3.1.6 (/opt/ros/humble/share/rosidl_adapter/cmake)
[0.246s] -- Found rosidl_generator_cpp: 3.1.6 (/opt/ros/humble/share/rosidl_generator_cpp/cmake)
[0.258s] -- Using all available rosidl_typesupport_c: rosidl_typesupport_fastrtps_c;rosidl_typesupport_introspection_c
[0.272s] -- Using all available rosidl_typesupport_cpp: rosidl_typesupport_fastrtps_cpp;rosidl_typesupport_introspection_cpp
[0.307s] -- Found rmw_implementation_cmake: 6.1.2 (/opt/ros/humble/share/rmw_implementation_cmake/cmake)
[0.309s] -- Found rmw_fastrtps_cpp: 6.2.7 (/opt/ros/humble/share/rmw_fastrtps_cpp/cmake)
[0.409s] -- Using RMW implementation 'rmw_fastrtps_cpp' as default
[0.463s] -- Found ament_cmake_gtest: 1.3.11 (/opt/ros/humble/share/ament_cmake_gtest/cmake)
[0.466s] -- Found gtest sources under '/opt/ros/humble/src/gtest_vendor': C++ tests using 'Google Test' will be built
[0.539s] -- Configuring done
[0.557s] -- Generating done
[0.564s] -- Build files have been written to: /home/giszterlab/USING/Framework/go1_ws/build/impedance_controller_framework
[0.595s] [35m[1mConsolidate compiler generated dependencies of target gtest_main[0m
[0.595s] [35m[1mConsolidate compiler generated dependencies of target gtest[0m
[0.607s] [ 16%] [32mBuilding CXX object CMakeFiles/impedance_controller_lib.dir/test/test_dummy.cpp.o[0m
[0.607s] [ 16%] [32mBuilding CXX object CMakeFiles/impedance_controller_lib.dir/src/impedance_controller_manager.cpp.o[0m
[0.607s] [ 25%] [32mBuilding CXX object CMakeFiles/impedance_controller_lib.dir/src/impedance_controller_factory.cpp.o[0m
[0.612s] [ 41%] Built target gtest
[0.613s] [ 58%] Built target gtest_main
[1.776s] [01m[K/home/giszterlab/USING/Framework/go1_ws/src/impedance_controller_framework/src/impedance_controller_manager.cpp:28:52:[m[K [01;31m[Kerror: [m[Kno declaration matches â€˜[01m[Kstd::array<float, 12> ImpedanceControllerManager::computeTorque(const ImpedanceControllerInput*)[m[Kâ€™
[1.776s]    28 | std::array<float, ImpedanceController::kNumJoints> [01;31m[KImpedanceControllerManager[m[K::computeTorque(const ImpedanceControllerInput* input)
[1.776s]       |                                                    [01;31m[K^~~~~~~~~~~~~~~~~~~~~~~~~~[m[K
[1.777s] In file included from [01m[K/home/giszterlab/USING/Framework/go1_ws/src/impedance_controller_framework/src/impedance_controller_manager.cpp:1[m[K:
[1.777s] [01m[K/home/giszterlab/USING/Framework/go1_ws/src/impedance_controller_framework/include/impedance_controller_manager.hpp:25:56:[m[K [01;36m[Knote: [m[Kcandidate is: â€˜[01m[Kstd::array<float, 12> ImpedanceControllerManager::computeTorque(const ImpedanceControllerInput&)[m[Kâ€™
[1.777s]    25 |     std::array<float, ImpedanceController::kNumJoints> [01;36m[KcomputeTorque[m[K(const ImpedanceControllerInput& input);
[1.777s]       |                                                        [01;36m[K^~~~~~~~~~~~~[m[K
[1.777s] [01m[K/home/giszterlab/USING/Framework/go1_ws/src/impedance_controller_framework/include/impedance_controller_manager.hpp:16:7:[m[K [01;36m[Knote: [m[Kâ€˜[01m[Kclass ImpedanceControllerManager[m[Kâ€™ defined here
[1.777s]    16 | class [01;36m[KImpedanceControllerManager[m[K
[1.777s]       |       [01;36m[K^~~~~~~~~~~~~~~~~~~~~~~~~~[m[K
[1.878s] gmake[2]: *** [CMakeFiles/impedance_controller_lib.dir/build.make:90: CMakeFiles/impedance_controller_lib.dir/src/impedance_controller_manager.cpp.o] Error 1
[1.878s] gmake[2]: *** Waiting for unfinished jobs....
[1.944s] gmake[1]: *** [CMakeFiles/Makefile2:159: CMakeFiles/impedance_controller_lib.dir/all] Error 2
[1.944s] gmake: *** [Makefile:146: all] Error 2
[1.947s] Invoked command in '/home/giszterlab/USING/Framework/go1_ws/build/impedance_controller_framework' returned '2': CMAKE_PREFIX_PATH=${CMAKE_PREFIX_PATH}:/opt/ros/humble /usr/bin/cmake --build /home/giszterlab/USING/Framework/go1_ws/build/impedance_controller_framework -- -j8 -l8
