-- Found ament_cmake: 1.3.11 (/opt/ros/humble/share/ament_cmake/cmake)
-- Found rclcpp: 16.0.12 (/opt/ros/humble/share/rclcpp/cmake)
-- Found rosidl_generator_c: 3.1.6 (/opt/ros/humble/share/rosidl_generator_c/cmake)
-- Found rosidl_adapter: 3.1.6 (/opt/ros/humble/share/rosidl_adapter/cmake)
-- Found rosidl_generator_cpp: 3.1.6 (/opt/ros/humble/share/rosidl_generator_cpp/cmake)
-- Using all available rosidl_typesupport_c: rosidl_typesupport_fastrtps_c;rosidl_typesupport_introspection_c
-- Using all available rosidl_typesupport_cpp: rosidl_typesupport_fastrtps_cpp;rosidl_typesupport_introspection_cpp
-- Found rmw_implementation_cmake: 6.1.2 (/opt/ros/humble/share/rmw_implementation_cmake/cmake)
-- Found rmw_fastrtps_cpp: 6.2.7 (/opt/ros/humble/share/rmw_fastrtps_cpp/cmake)
-- Using RMW implementation 'rmw_fastrtps_cpp' as default
-- Found ament_cmake_gtest: 1.3.11 (/opt/ros/humble/share/ament_cmake_gtest/cmake)
-- Found gtest sources under '/opt/ros/humble/src/gtest_vendor': C++ tests using 'Google Test' will be built
-- Configuring done
-- Generating done
-- Build files have been written to: /home/giszterlab/USING/Framework/go1_ws/build/impedance_controller_framework
[35m[1mConsolidate compiler generated dependencies of target test_dummy[0m
[ 12%] [32mBuilding CXX object gtest/CMakeFiles/gtest_main.dir/src/gtest_main.cc.o[0m
[ 25%] [32mBuilding CXX object gtest/CMakeFiles/gtest.dir/src/gtest-all.cc.o[0m
[ 37%] [32mBuilding CXX object CMakeFiles/test_dummy.dir/test/test_dummy.cpp.o[0m
[ 50%] [32m[1mLinking CXX static library libgtest_main.a[0m
[ 50%] Built target gtest_main
[ 62%] [32m[1mLinking CXX executable test_dummy[0m
[ 62%] Built target test_dummy
[ 75%] [32m[1mLinking CXX static library libgtest.a[0m
[ 75%] Built target gtest
[ 87%] [32mBuilding CXX object CMakeFiles/test_impedance_controller.dir/test/test_impedance_controller.cpp.o[0m
[01m[K/home/giszterlab/USING/Framework/go1_ws/src/impedance_controller_framework/test/test_impedance_controller.cpp:18:37:[m[K [01;31m[Kerror: [m[Kexpected class-name before â€˜[01m[K:[m[Kâ€™ token
   18 | class FactoryTest : public ::testing[01;31m[K:[m[KTest {};
      |                                     [01;31m[K^[m[K
[01m[K/home/giszterlab/USING/Framework/go1_ws/src/impedance_controller_framework/test/test_impedance_controller.cpp:18:37:[m[K [01;31m[Kerror: [m[Kexpected â€˜[01m[K{[m[Kâ€™ before â€˜[01m[K:[m[Kâ€™ token
[01m[K/home/giszterlab/USING/Framework/go1_ws/src/impedance_controller_framework/test/test_impedance_controller.cpp:18:37:[m[K [01;31m[Kerror: [m[Kexpected unqualified-id before â€˜[01m[K:[m[Kâ€™ token
In file included from [01m[K/opt/ros/humble/src/gtest_vendor/include/gtest/gtest.h:62[m[K,
                 from [01m[K/home/giszterlab/USING/Framework/go1_ws/src/impedance_controller_framework/test/test_impedance_controller.cpp:1[m[K:
[01m[K/home/giszterlab/USING/Framework/go1_ws/src/impedance_controller_framework/test/test_impedance_controller.cpp:20:8:[m[K [01;31m[Kerror: [m[Kinvalid use of incomplete type â€˜[01m[Kclass FactoryTest[m[Kâ€™
   20 | TEST_F([01;31m[KFactoryTest[m[K, CreateDummyController)
      |        [01;31m[K^~~~~~~~~~~[m[K
[01m[K/home/giszterlab/USING/Framework/go1_ws/src/impedance_controller_framework/test/test_impedance_controller.cpp:18:7:[m[K [01;36m[Knote: [m[Kforward declaration of â€˜[01m[Kclass FactoryTest[m[Kâ€™
   18 | class [01;36m[KFactoryTest[m[K : public ::testing:Test {};
      |       [01;36m[K^~~~~~~~~~~[m[K
In file included from [01m[K/opt/ros/humble/src/gtest_vendor/include/gtest/gtest.h:62[m[K,
                 from [01m[K/home/giszterlab/USING/Framework/go1_ws/src/impedance_controller_framework/test/test_impedance_controller.cpp:1[m[K:
/opt/ros/humble/src/gtest_vendor/include/gtest/internal/gtest-internal.h: In instantiation of â€˜[01m[Kstruct testing::internal::SuiteApiResolver<FactoryTest>[m[Kâ€™:
[01m[K/home/giszterlab/USING/Framework/go1_ws/src/impedance_controller_framework/test/test_impedance_controller.cpp:20:1:[m[K   required from here
[01m[K/opt/ros/humble/src/gtest_vendor/include/gtest/internal/gtest-internal.h:503:8:[m[K [01;31m[Kerror: [m[Kinvalid use of incomplete type â€˜[01m[Kclass FactoryTest[m[Kâ€™
  503 | struct [01;31m[KSuiteApiResolver[m[K : T {
      |        [01;31m[K^~~~~~~~~~~~~~~~[m[K
[01m[K/home/giszterlab/USING/Framework/go1_ws/src/impedance_controller_framework/test/test_impedance_controller.cpp:18:7:[m[K [01;36m[Knote: [m[Kforward declaration of â€˜[01m[Kclass FactoryTest[m[Kâ€™
   18 | class [01;36m[KFactoryTest[m[K : public ::testing:Test {};
      |       [01;36m[K^~~~~~~~~~~[m[K
In file included from [01m[K/opt/ros/humble/src/gtest_vendor/include/gtest/gtest.h:62[m[K,
                 from [01m[K/home/giszterlab/USING/Framework/go1_ws/src/impedance_controller_framework/test/test_impedance_controller.cpp:1[m[K:
[01m[K/opt/ros/humble/src/gtest_vendor/include/gtest/internal/gtest-internal.h:507:33:[m[K [01;31m[Kerror: [m[Kinvalid application of â€˜[01m[Ksizeof[m[Kâ€™ to incomplete type â€˜[01m[KFactoryTest[m[Kâ€™
  507 |       typename std::conditional<[01;31m[Ksizeof(T)[m[K != 0, ::testing::Test, void>::type;
      |                                 [01;31m[K^~~~~~~~~[m[K
[01m[K/home/giszterlab/USING/Framework/go1_ws/src/impedance_controller_framework/test/test_impedance_controller.cpp:27:8:[m[K [01;31m[Kerror: [m[Kinvalid use of incomplete type â€˜[01m[Kclass FactoryTest[m[Kâ€™
   27 | TEST_F([01;31m[KFactoryTest[m[K, CreateNonexistantController)
      |        [01;31m[K^~~~~~~~~~~[m[K
[01m[K/home/giszterlab/USING/Framework/go1_ws/src/impedance_controller_framework/test/test_impedance_controller.cpp:18:7:[m[K [01;36m[Knote: [m[Kforward declaration of â€˜[01m[Kclass FactoryTest[m[Kâ€™
   18 | class [01;36m[KFactoryTest[m[K : public ::testing:Test {};
      |       [01;36m[K^~~~~~~~~~~[m[K
[01m[K/home/giszterlab/USING/Framework/go1_ws/src/impedance_controller_framework/test/test_impedance_controller.cpp:33:37:[m[K [01;31m[Kerror: [m[Kexpected class-name before â€˜[01m[K:[m[Kâ€™ token
   33 | class ManagerTest : public ::testing[01;31m[K:[m[KTest
      |                                     [01;31m[K^[m[K
[01m[K/home/giszterlab/USING/Framework/go1_ws/src/impedance_controller_framework/test/test_impedance_controller.cpp:33:37:[m[K [01;31m[Kerror: [m[Kexpected â€˜[01m[K{[m[Kâ€™ before â€˜[01m[K:[m[Kâ€™ token
[01m[K/home/giszterlab/USING/Framework/go1_ws/src/impedance_controller_framework/test/test_impedance_controller.cpp:33:37:[m[K [01;31m[Kerror: [m[Kexpected unqualified-id before â€˜[01m[K:[m[Kâ€™ token
In file included from [01m[K/opt/ros/humble/src/gtest_vendor/include/gtest/gtest.h:62[m[K,
                 from [01m[K/home/giszterlab/USING/Framework/go1_ws/src/impedance_controller_framework/test/test_impedance_controller.cpp:1[m[K:
[01m[K/home/giszterlab/USING/Framework/go1_ws/src/impedance_controller_framework/test/test_impedance_controller.cpp:38:8:[m[K [01;31m[Kerror: [m[Kinvalid use of incomplete type â€˜[01m[Kclass ManagerTest[m[Kâ€™
   38 | TEST_F([01;31m[KManagerTest[m[K, SetActiveControllerSuccess)
      |        [01;31m[K^~~~~~~~~~~[m[K
[01m[K/home/giszterlab/USING/Framework/go1_ws/src/impedance_controller_framework/test/test_impedance_controller.cpp:33:7:[m[K [01;36m[Knote: [m[Kforward declaration of â€˜[01m[Kclass ManagerTest[m[Kâ€™
   33 | class [01;36m[KManagerTest[m[K : public ::testing:Test
      |       [01;36m[K^~~~~~~~~~~[m[K
In file included from [01m[K/opt/ros/humble/src/gtest_vendor/include/gtest/gtest.h:62[m[K,
                 from [01m[K/home/giszterlab/USING/Framework/go1_ws/src/impedance_controller_framework/test/test_impedance_controller.cpp:1[m[K:
/opt/ros/humble/src/gtest_vendor/include/gtest/internal/gtest-internal.h: In instantiation of â€˜[01m[Kstruct testing::internal::SuiteApiResolver<ManagerTest>[m[Kâ€™:
[01m[K/home/giszterlab/USING/Framework/go1_ws/src/impedance_controller_framework/test/test_impedance_controller.cpp:38:1:[m[K   required from here
[01m[K/opt/ros/humble/src/gtest_vendor/include/gtest/internal/gtest-internal.h:503:8:[m[K [01;31m[Kerror: [m[Kinvalid use of incomplete type â€˜[01m[Kclass ManagerTest[m[Kâ€™
  503 | struct [01;31m[KSuiteApiResolver[m[K : T {
      |        [01;31m[K^~~~~~~~~~~~~~~~[m[K
[01m[K/home/giszterlab/USING/Framework/go1_ws/src/impedance_controller_framework/test/test_impedance_controller.cpp:33:7:[m[K [01;36m[Knote: [m[Kforward declaration of â€˜[01m[Kclass ManagerTest[m[Kâ€™
   33 | class [01;36m[KManagerTest[m[K : public ::testing:Test
      |       [01;36m[K^~~~~~~~~~~[m[K
In file included from [01m[K/opt/ros/humble/src/gtest_vendor/include/gtest/gtest.h:62[m[K,
                 from [01m[K/home/giszterlab/USING/Framework/go1_ws/src/impedance_controller_framework/test/test_impedance_controller.cpp:1[m[K:
[01m[K/opt/ros/humble/src/gtest_vendor/include/gtest/internal/gtest-internal.h:507:33:[m[K [01;31m[Kerror: [m[Kinvalid application of â€˜[01m[Ksizeof[m[Kâ€™ to incomplete type â€˜[01m[KManagerTest[m[Kâ€™
  507 |       typename std::conditional<[01;31m[Ksizeof(T)[m[K != 0, ::testing::Test, void>::type;
      |                                 [01;31m[K^~~~~~~~~[m[K
[01m[K/home/giszterlab/USING/Framework/go1_ws/src/impedance_controller_framework/test/test_impedance_controller.cpp:[m[K In member function â€˜[01m[Kvirtual void ManagerTest_SetActiveControllerSuccess_Test::TestBody()[m[Kâ€™:
[01m[K/home/giszterlab/USING/Framework/go1_ws/src/impedance_controller_framework/test/test_impedance_controller.cpp:40:19:[m[K [01;31m[Kerror: [m[Kâ€˜[01m[Kmanager[m[Kâ€™ was not declared in this scope
   40 |     bool result = [01;31m[Kmanager[m[K.setActiveController("DummyController");
      |                   [01;31m[K^~~~~~~[m[K
In file included from [01m[K/opt/ros/humble/src/gtest_vendor/include/gtest/gtest.h:62[m[K,
                 from [01m[K/home/giszterlab/USING/Framework/go1_ws/src/impedance_controller_framework/test/test_impedance_controller.cpp:1[m[K:
[01m[K/home/giszterlab/USING/Framework/go1_ws/src/impedance_controller_framework/test/test_impedance_controller.cpp:[m[K At global scope:
[01m[K/home/giszterlab/USING/Framework/go1_ws/src/impedance_controller_framework/test/test_impedance_controller.cpp:45:8:[m[K [01;31m[Kerror: [m[Kinvalid use of incomplete type â€˜[01m[Kclass ManagerTest[m[Kâ€™
   45 | TEST_F([01;31m[KManagerTest[m[K, SetActiveControllerFailure)
      |        [01;31m[K^~~~~~~~~~~[m[K
[01m[K/home/giszterlab/USING/Framework/go1_ws/src/impedance_controller_framework/test/test_impedance_controller.cpp:33:7:[m[K [01;36m[Knote: [m[Kforward declaration of â€˜[01m[Kclass ManagerTest[m[Kâ€™
   33 | class [01;36m[KManagerTest[m[K : public ::testing:Test
      |       [01;36m[K^~~~~~~~~~~[m[K
[01m[K/home/giszterlab/USING/Framework/go1_ws/src/impedance_controller_framework/test/test_impedance_controller.cpp:[m[K In member function â€˜[01m[Kvirtual void ManagerTest_SetActiveControllerFailure_Test::TestBody()[m[Kâ€™:
[01m[K/home/giszterlab/USING/Framework/go1_ws/src/impedance_controller_framework/test/test_impedance_controller.cpp:47:19:[m[K [01;31m[Kerror: [m[Kâ€˜[01m[Kmanager[m[Kâ€™ was not declared in this scope
   47 |     bool result = [01;31m[Kmanager[m[K.setActiveController("Nonexistant");
      |                   [01;31m[K^~~~~~~[m[K
In file included from [01m[K/opt/ros/humble/src/gtest_vendor/include/gtest/gtest.h:62[m[K,
                 from [01m[K/home/giszterlab/USING/Framework/go1_ws/src/impedance_controller_framework/test/test_impedance_controller.cpp:1[m[K:
[01m[K/home/giszterlab/USING/Framework/go1_ws/src/impedance_controller_framework/test/test_impedance_controller.cpp:[m[K At global scope:
[01m[K/home/giszterlab/USING/Framework/go1_ws/src/impedance_controller_framework/test/test_impedance_controller.cpp:52:8:[m[K [01;31m[Kerror: [m[Kinvalid use of incomplete type â€˜[01m[Kclass ManagerTest[m[Kâ€™
   52 | TEST_F([01;31m[KManagerTest[m[K, ComputeTorqueNoActiveControllerReturnsZero)
      |        [01;31m[K^~~~~~~~~~~[m[K
[01m[K/home/giszterlab/USING/Framework/go1_ws/src/impedance_controller_framework/test/test_impedance_controller.cpp:33:7:[m[K [01;36m[Knote: [m[Kforward declaration of â€˜[01m[Kclass ManagerTest[m[Kâ€™
   33 | class [01;36m[KManagerTest[m[K : public ::testing:Test
      |       [01;36m[K^~~~~~~~~~~[m[K
[01m[K/home/giszterlab/USING/Framework/go1_ws/src/impedance_controller_framework/test/test_impedance_controller.cpp:[m[K In member function â€˜[01m[Kvirtual void ManagerTest_ComputeTorqueNoActiveControllerReturnsZero_Test::TestBody()[m[Kâ€™:
[01m[K/home/giszterlab/USING/Framework/go1_ws/src/impedance_controller_framework/test/test_impedance_controller.cpp:55:19:[m[K [01;31m[Kerror: [m[Kâ€˜[01m[Kmanager[m[Kâ€™ was not declared in this scope
   55 |     auto torque = [01;31m[Kmanager[m[K.computeTorque(input);
      |                   [01;31m[K^~~~~~~[m[K
In file included from [01m[K/opt/ros/humble/src/gtest_vendor/include/gtest/gtest.h:62[m[K,
                 from [01m[K/home/giszterlab/USING/Framework/go1_ws/src/impedance_controller_framework/test/test_impedance_controller.cpp:1[m[K:
[01m[K/home/giszterlab/USING/Framework/go1_ws/src/impedance_controller_framework/test/test_impedance_controller.cpp:[m[K At global scope:
[01m[K/home/giszterlab/USING/Framework/go1_ws/src/impedance_controller_framework/test/test_impedance_controller.cpp:62:8:[m[K [01;31m[Kerror: [m[Kinvalid use of incomplete type â€˜[01m[Kclass ManagerTest[m[Kâ€™
   62 | TEST_F([01;31m[KManagerTest[m[K, ComputeTorqueWithActiveController)
      |        [01;31m[K^~~~~~~~~~~[m[K
[01m[K/home/giszterlab/USING/Framework/go1_ws/src/impedance_controller_framework/test/test_impedance_controller.cpp:33:7:[m[K [01;36m[Knote: [m[Kforward declaration of â€˜[01m[Kclass ManagerTest[m[Kâ€™
   33 | class [01;36m[KManagerTest[m[K : public ::testing:Test
      |       [01;36m[K^~~~~~~~~~~[m[K
[01m[K/home/giszterlab/USING/Framework/go1_ws/src/impedance_controller_framework/test/test_impedance_controller.cpp:[m[K In member function â€˜[01m[Kvirtual void ManagerTest_ComputeTorqueWithActiveController_Test::TestBody()[m[Kâ€™:
[01m[K/home/giszterlab/USING/Framework/go1_ws/src/impedance_controller_framework/test/test_impedance_controller.cpp:64:5:[m[K [01;31m[Kerror: [m[Kâ€˜[01m[Kmanager[m[Kâ€™ was not declared in this scope
   64 |     [01;31m[Kmanager[m[K.setActiveController("DummyController");
      |     [01;31m[K^~~~~~~[m[K
[01m[K/home/giszterlab/USING/Framework/go1_ws/src/impedance_controller_framework/test/test_impedance_controller.cpp:[m[K In function â€˜[01m[Kint main(int, char**)[m[Kâ€™:
[01m[K/home/giszterlab/USING/Framework/go1_ws/src/impedance_controller_framework/test/test_impedance_controller.cpp:76:12:[m[K [01;31m[Kerror: [m[Kinvalid conversion from â€˜[01m[Kint (*)()[m[Kâ€™ to â€˜[01m[Kint[m[Kâ€™ [[01;31m[K]8;;https://gcc.gnu.org/onlinedocs/gcc/Warning-Options.html#index-fpermissive-fpermissive]8;;[m[K]
   76 |     return [01;31m[KRUN_ALL_TESTS[m[K;
      |            [01;31m[K^~~~~~~~~~~~~[m[K
      |            [01;31m[K|[m[K
      |            [01;31m[Kint (*)()[m[K
In file included from [01m[K/opt/ros/humble/src/gtest_vendor/include/gtest/gtest.h:62[m[K,
                 from [01m[K/home/giszterlab/USING/Framework/go1_ws/src/impedance_controller_framework/test/test_impedance_controller.cpp:1[m[K:
/opt/ros/humble/src/gtest_vendor/include/gtest/internal/gtest-internal.h: In instantiation of â€˜[01m[Kstatic void (* testing::internal::SuiteApiResolver<T>::GetSetUpCaseOrSuite(const char*, int))() [with T = FactoryTest; testing::internal::SetUpTearDownSuiteFuncType = void (*)()][m[Kâ€™:
[01m[K/home/giszterlab/USING/Framework/go1_ws/src/impedance_controller_framework/test/test_impedance_controller.cpp:20:1:[m[K   required from here
[01m[K/opt/ros/humble/src/gtest_vendor/include/gtest/internal/gtest-internal.h:512:29:[m[K [01;31m[Kerror: [m[Kincomplete type â€˜[01m[KFactoryTest[m[Kâ€™ used in nested name specifier
  512 |         GetNotDefaultOrNull([01;31m[K&T::SetUpTestCase[m[K, &Test::SetUpTestCase);
      |                             [01;31m[K^~~~~~~~~~~~~~~~~[m[K
[01m[K/opt/ros/humble/src/gtest_vendor/include/gtest/internal/gtest-internal.h:514:29:[m[K [01;31m[Kerror: [m[Kincomplete type â€˜[01m[KFactoryTest[m[Kâ€™ used in nested name specifier
  514 |         GetNotDefaultOrNull([01;31m[K&T::SetUpTestSuite[m[K, &Test::SetUpTestSuite);
      |                             [01;31m[K^~~~~~~~~~~~~~~~~~[m[K
/opt/ros/humble/src/gtest_vendor/include/gtest/internal/gtest-internal.h: In instantiation of â€˜[01m[Kstatic void (* testing::internal::SuiteApiResolver<T>::GetTearDownCaseOrSuite(const char*, int))() [with T = FactoryTest; testing::internal::SetUpTearDownSuiteFuncType = void (*)()][m[Kâ€™:
[01m[K/home/giszterlab/USING/Framework/go1_ws/src/impedance_controller_framework/test/test_impedance_controller.cpp:20:1:[m[K   required from here
[01m[K/opt/ros/humble/src/gtest_vendor/include/gtest/internal/gtest-internal.h:527:29:[m[K [01;31m[Kerror: [m[Kincomplete type â€˜[01m[KFactoryTest[m[Kâ€™ used in nested name specifier
  527 |         GetNotDefaultOrNull([01;31m[K&T::TearDownTestCase[m[K, &Test::TearDownTestCase);
      |                             [01;31m[K^~~~~~~~~~~~~~~~~~~~[m[K
[01m[K/opt/ros/humble/src/gtest_vendor/include/gtest/internal/gtest-internal.h:529:29:[m[K [01;31m[Kerror: [m[Kincomplete type â€˜[01m[KFactoryTest[m[Kâ€™ used in nested name specifier
  529 |         GetNotDefaultOrNull([01;31m[K&T::TearDownTestSuite[m[K, &Test::TearDownTestSuite);
      |                             [01;31m[K^~~~~~~~~~~~~~~~~~~~~[m[K
/opt/ros/humble/src/gtest_vendor/include/gtest/internal/gtest-internal.h: In instantiation of â€˜[01m[Kstatic void (* testing::internal::SuiteApiResolver<T>::GetSetUpCaseOrSuite(const char*, int))() [with T = ManagerTest; testing::internal::SetUpTearDownSuiteFuncType = void (*)()][m[Kâ€™:
[01m[K/home/giszterlab/USING/Framework/go1_ws/src/impedance_controller_framework/test/test_impedance_controller.cpp:38:1:[m[K   required from here
[01m[K/opt/ros/humble/src/gtest_vendor/include/gtest/internal/gtest-internal.h:512:29:[m[K [01;31m[Kerror: [m[Kincomplete type â€˜[01m[KManagerTest[m[Kâ€™ used in nested name specifier
  512 |         GetNotDefaultOrNull([01;31m[K&T::SetUpTestCase[m[K, &Test::SetUpTestCase);
      |                             [01;31m[K^~~~~~~~~~~~~~~~~[m[K
[01m[K/opt/ros/humble/src/gtest_vendor/include/gtest/internal/gtest-internal.h:514:29:[m[K [01;31m[Kerror: [m[Kincomplete type â€˜[01m[KManagerTest[m[Kâ€™ used in nested name specifier
  514 |         GetNotDefaultOrNull([01;31m[K&T::SetUpTestSuite[m[K, &Test::SetUpTestSuite);
      |                             [01;31m[K^~~~~~~~~~~~~~~~~~[m[K
/opt/ros/humble/src/gtest_vendor/include/gtest/internal/gtest-internal.h: In instantiation of â€˜[01m[Kstatic void (* testing::internal::SuiteApiResolver<T>::GetTearDownCaseOrSuite(const char*, int))() [with T = ManagerTest; testing::internal::SetUpTearDownSuiteFuncType = void (*)()][m[Kâ€™:
[01m[K/home/giszterlab/USING/Framework/go1_ws/src/impedance_controller_framework/test/test_impedance_controller.cpp:38:1:[m[K   required from here
[01m[K/opt/ros/humble/src/gtest_vendor/include/gtest/internal/gtest-internal.h:527:29:[m[K [01;31m[Kerror: [m[Kincomplete type â€˜[01m[KManagerTest[m[Kâ€™ used in nested name specifier
  527 |         GetNotDefaultOrNull([01;31m[K&T::TearDownTestCase[m[K, &Test::TearDownTestCase);
      |                             [01;31m[K^~~~~~~~~~~~~~~~~~~~[m[K
[01m[K/opt/ros/humble/src/gtest_vendor/include/gtest/internal/gtest-internal.h:529:29:[m[K [01;31m[Kerror: [m[Kincomplete type â€˜[01m[KManagerTest[m[Kâ€™ used in nested name specifier
  529 |         GetNotDefaultOrNull([01;31m[K&T::TearDownTestSuite[m[K, &Test::TearDownTestSuite);
      |                             [01;31m[K^~~~~~~~~~~~~~~~~~~~~[m[K
/opt/ros/humble/src/gtest_vendor/include/gtest/internal/gtest-internal.h: In instantiation of â€˜[01m[Ktesting::Test* testing::internal::TestFactoryImpl<TestClass>::CreateTest() [with TestClass = ManagerTest_ComputeTorqueWithActiveController_Test][m[Kâ€™:
[01m[K/opt/ros/humble/src/gtest_vendor/include/gtest/internal/gtest-internal.h:460:9:[m[K   required from here
[01m[K/opt/ros/humble/src/gtest_vendor/include/gtest/internal/gtest-internal.h:460:44:[m[K [01;31m[Kerror: [m[Kcannot convert â€˜[01m[KManagerTest_ComputeTorqueWithActiveController_Test*[m[Kâ€™ to â€˜[01m[Ktesting::Test*[m[Kâ€™ in return
  460 |   Test* CreateTest() override { return new [01;31m[KTestClass[m[K; }
      |                                            [01;31m[K^~~~~~~~~[m[K
/opt/ros/humble/src/gtest_vendor/include/gtest/internal/gtest-internal.h: In instantiation of â€˜[01m[Ktesting::Test* testing::internal::TestFactoryImpl<TestClass>::CreateTest() [with TestClass = ManagerTest_ComputeTorqueNoActiveControllerReturnsZero_Test][m[Kâ€™:
[01m[K/opt/ros/humble/src/gtest_vendor/include/gtest/internal/gtest-internal.h:460:9:[m[K   required from here
[01m[K/opt/ros/humble/src/gtest_vendor/include/gtest/internal/gtest-internal.h:460:44:[m[K [01;31m[Kerror: [m[Kcannot convert â€˜[01m[KManagerTest_ComputeTorqueNoActiveControllerReturnsZero_Test*[m[Kâ€™ to â€˜[01m[Ktesting::Test*[m[Kâ€™ in return
/opt/ros/humble/src/gtest_vendor/include/gtest/internal/gtest-internal.h: In instantiation of â€˜[01m[Ktesting::Test* testing::internal::TestFactoryImpl<TestClass>::CreateTest() [with TestClass = ManagerTest_SetActiveControllerFailure_Test][m[Kâ€™:
[01m[K/opt/ros/humble/src/gtest_vendor/include/gtest/internal/gtest-internal.h:460:9:[m[K   required from here
[01m[K/opt/ros/humble/src/gtest_vendor/include/gtest/internal/gtest-internal.h:460:44:[m[K [01;31m[Kerror: [m[Kcannot convert â€˜[01m[KManagerTest_SetActiveControllerFailure_Test*[m[Kâ€™ to â€˜[01m[Ktesting::Test*[m[Kâ€™ in return
/opt/ros/humble/src/gtest_vendor/include/gtest/internal/gtest-internal.h: In instantiation of â€˜[01m[Ktesting::Test* testing::internal::TestFactoryImpl<TestClass>::CreateTest() [with TestClass = ManagerTest_SetActiveControllerSuccess_Test][m[Kâ€™:
[01m[K/opt/ros/humble/src/gtest_vendor/include/gtest/internal/gtest-internal.h:460:9:[m[K   required from here
[01m[K/opt/ros/humble/src/gtest_vendor/include/gtest/internal/gtest-internal.h:460:44:[m[K [01;31m[Kerror: [m[Kcannot convert â€˜[01m[KManagerTest_SetActiveControllerSuccess_Test*[m[Kâ€™ to â€˜[01m[Ktesting::Test*[m[Kâ€™ in return
/opt/ros/humble/src/gtest_vendor/include/gtest/internal/gtest-internal.h: In instantiation of â€˜[01m[Ktesting::Test* testing::internal::TestFactoryImpl<TestClass>::CreateTest() [with TestClass = FactoryTest_CreateNonexistantController_Test][m[Kâ€™:
[01m[K/opt/ros/humble/src/gtest_vendor/include/gtest/internal/gtest-internal.h:460:9:[m[K   required from here
[01m[K/opt/ros/humble/src/gtest_vendor/include/gtest/internal/gtest-internal.h:460:44:[m[K [01;31m[Kerror: [m[Kcannot convert â€˜[01m[KFactoryTest_CreateNonexistantController_Test*[m[Kâ€™ to â€˜[01m[Ktesting::Test*[m[Kâ€™ in return
/opt/ros/humble/src/gtest_vendor/include/gtest/internal/gtest-internal.h: In instantiation of â€˜[01m[Ktesting::Test* testing::internal::TestFactoryImpl<TestClass>::CreateTest() [with TestClass = FactoryTest_CreateDummyController_Test][m[Kâ€™:
[01m[K/opt/ros/humble/src/gtest_vendor/include/gtest/internal/gtest-internal.h:460:9:[m[K   required from here
[01m[K/opt/ros/humble/src/gtest_vendor/include/gtest/internal/gtest-internal.h:460:44:[m[K [01;31m[Kerror: [m[Kcannot convert â€˜[01m[KFactoryTest_CreateDummyController_Test*[m[Kâ€™ to â€˜[01m[Ktesting::Test*[m[Kâ€™ in return
gmake[2]: *** [CMakeFiles/test_impedance_controller.dir/build.make:76: CMakeFiles/test_impedance_controller.dir/test/test_impedance_controller.cpp.o] Error 1
gmake[1]: *** [CMakeFiles/Makefile2:184: CMakeFiles/test_impedance_controller.dir/all] Error 2
gmake: *** [Makefile:146: all] Error 2
